
*** Running vivado
    with args -log comparator.vdi -applog -m64 -messageDb vivado.pb -mode batch -source comparator.tcl -notrace


****** Vivado v2015.4 (64-bit)
  **** SW Build 1412921 on Wed Nov 18 09:43:45 MST 2015
  **** IP Build 1412160 on Tue Nov 17 13:47:24 MST 2015
    ** Copyright 1986-2015 Xilinx, Inc. All Rights Reserved.

source comparator.tcl -notrace
WARNING: [Board 49-26] cannot add Board Part digilentinc.com:genesys2:part0:1.1 available at C:/Xilinx/Vivado/2015.4/data/boards/board_files/genesys2/H/board.xml as part xc7k325tffg900-2 specified in board_part file is either invalid or not available
Design is defaulting to srcset: sources_1
Design is defaulting to constrset: constrs_1
INFO: [Netlist 29-17] Analyzing 4 Unisim elements for replacement
INFO: [Netlist 29-28] Unisim Transformation completed in 0 CPU seconds
INFO: [Project 1-479] Netlist was created with Vivado 2015.4
INFO: [Device 21-403] Loading part xc7z010clg400-1
INFO: [Project 1-570] Preparing netlist for logic optimization
Parsing XDC File [D:/code_test/HDL/vivado/comparator/comparator.srcs/constrs_1/imports/Downloads/ZYBO_master.xdc]
Finished Parsing XDC File [D:/code_test/HDL/vivado/comparator/comparator.srcs/constrs_1/imports/Downloads/ZYBO_master.xdc]
INFO: [Opt 31-138] Pushed 0 inverter(s) to 0 load pin(s).
INFO: [Project 1-111] Unisim Transformation Summary:
No Unisim elements were transformed.

link_design: Time (s): cpu = 00:00:09 ; elapsed = 00:00:09 . Memory (MB): peak = 441.707 ; gain = 239.398
Command: opt_design
Attempting to get a license for feature 'Implementation' and/or device 'xc7z010'
INFO: [Common 17-349] Got license for feature 'Implementation' and/or device 'xc7z010'
Running DRC as a precondition to command opt_design

Starting DRC Task
INFO: [DRC 23-27] Running DRC with 2 threads
INFO: [Project 1-461] DRC finished with 0 Errors
INFO: [Project 1-462] Please refer to the DRC report (report_drc) for more information.

Time (s): cpu = 00:00:00 ; elapsed = 00:00:00.386 . Memory (MB): peak = 446.230 ; gain = 4.523
INFO: [Timing 38-35] Done setting XDC timing constraints.

Starting Logic Optimization Task
Implement Debug Cores | Checksum: 9edd4595

Phase 1 Retarget
INFO: [Opt 31-138] Pushed 0 inverter(s) to 0 load pin(s).
INFO: [Opt 31-49] Retargeted 0 cell(s).
Phase 1 Retarget | Checksum: 9edd4595

Time (s): cpu = 00:00:00 ; elapsed = 00:00:00.049 . Memory (MB): peak = 857.742 ; gain = 0.000

Phase 2 Constant Propagation
INFO: [Opt 31-138] Pushed 0 inverter(s) to 0 load pin(s).
INFO: [Opt 31-10] Eliminated 0 cells.
Phase 2 Constant Propagation | Checksum: 9edd4595

Time (s): cpu = 00:00:00 ; elapsed = 00:00:00.113 . Memory (MB): peak = 857.742 ; gain = 0.000

Phase 3 Sweep
INFO: [Opt 31-12] Eliminated 0 unconnected nets.
INFO: [Opt 31-11] Eliminated 0 unconnected cells.
Phase 3 Sweep | Checksum: 9edd4595

Time (s): cpu = 00:00:00 ; elapsed = 00:00:00.149 . Memory (MB): peak = 857.742 ; gain = 0.000

Starting Connectivity Check Task

Time (s): cpu = 00:00:00 ; elapsed = 00:00:00.001 . Memory (MB): peak = 857.742 ; gain = 0.000
Ending Logic Optimization Task | Checksum: 9edd4595

Time (s): cpu = 00:00:00 ; elapsed = 00:00:00.158 . Memory (MB): peak = 857.742 ; gain = 0.000

Starting Power Optimization Task
INFO: [Pwropt 34-132] Skipping clock gating for clocks with a period < 2.00 ns.
Ending Power Optimization Task | Checksum: 9edd4595

Time (s): cpu = 00:00:00 ; elapsed = 00:00:00.091 . Memory (MB): peak = 857.742 ; gain = 0.000
INFO: [Common 17-83] Releasing license: Implementation
20 Infos, 1 Warnings, 0 Critical Warnings and 0 Errors encountered.
opt_design completed successfully
opt_design: Time (s): cpu = 00:00:25 ; elapsed = 00:00:30 . Memory (MB): peak = 857.742 ; gain = 416.035
Writing placer database...
Writing XDEF routing.
Writing XDEF routing logical nets.
Writing XDEF routing special nets.
Write XDEF Complete: Time (s): cpu = 00:00:00 ; elapsed = 00:00:00.141 . Memory (MB): peak = 857.742 ; gain = 0.000
INFO: [DRC 23-27] Running DRC with 2 threads
INFO: [Coretcl 2-168] The results of DRC are in file D:/code_test/HDL/vivado/comparator/comparator.runs/impl_1/comparator_drc_opted.rpt.
INFO: [Vivado_Tcl 4-424] Cannot write hardware definition file as there are no IPI block design hardware handoff files present
Command: place_design
Attempting to get a license for feature 'Implementation' and/or device 'xc7z010'
INFO: [Common 17-349] Got license for feature 'Implementation' and/or device 'xc7z010'
INFO: [DRC 23-27] Running DRC with 2 threads
INFO: [Vivado_Tcl 4-198] DRC finished with 0 Errors
INFO: [Vivado_Tcl 4-199] Please refer to the DRC report (report_drc) for more information.
Running DRC as a precondition to command place_design
INFO: [DRC 23-27] Running DRC with 2 threads
INFO: [Vivado_Tcl 4-198] DRC finished with 0 Errors
INFO: [Vivado_Tcl 4-199] Please refer to the DRC report (report_drc) for more information.

Starting Placer Task
INFO: [Place 30-611] Multithreading enabled for place_design using a maximum of 2 CPUs

Phase 1 Placer Initialization
Netlist sorting complete. Time (s): cpu = 00:00:00 ; elapsed = 00:00:00 . Memory (MB): peak = 857.742 ; gain = 0.000
Netlist sorting complete. Time (s): cpu = 00:00:00 ; elapsed = 00:00:00 . Memory (MB): peak = 857.742 ; gain = 0.000

Phase 1.1 IO Placement/ Clock Placement/ Build Placer Device

Phase 1.1.1 Pre-Place Cells
Phase 1.1.1 Pre-Place Cells | Checksum: 01f914de

Time (s): cpu = 00:00:00 ; elapsed = 00:00:00.116 . Memory (MB): peak = 857.742 ; gain = 0.000
INFO: [Timing 38-35] Done setting XDC timing constraints.

Phase 1.1.2 IO and Clk Clean Up
Phase 1.1.2 IO and Clk Clean Up | Checksum: 01f914de

Time (s): cpu = 00:00:01 ; elapsed = 00:00:00.861 . Memory (MB): peak = 872.258 ; gain = 14.516

Phase 1.1.3 Implementation Feasibility check On IDelay
Phase 1.1.3 Implementation Feasibility check On IDelay | Checksum: 01f914de

Time (s): cpu = 00:00:01 ; elapsed = 00:00:00.862 . Memory (MB): peak = 872.258 ; gain = 14.516

Phase 1.1.4 Commit IO Placement
Phase 1.1.4 Commit IO Placement | Checksum: 01f914de

Time (s): cpu = 00:00:01 ; elapsed = 00:00:00.863 . Memory (MB): peak = 872.258 ; gain = 14.516
Phase 1.1 IO Placement/ Clock Placement/ Build Placer Device | Checksum: 63b90f0c

Time (s): cpu = 00:00:01 ; elapsed = 00:00:00.863 . Memory (MB): peak = 872.258 ; gain = 14.516

Phase 1.2 Build Placer Netlist Model

Phase 1.2.1 Place Init Design
Phase 1.2.1 Place Init Design | Checksum: 1103b2220

Time (s): cpu = 00:00:01 ; elapsed = 00:00:00.965 . Memory (MB): peak = 872.258 ; gain = 14.516
Phase 1.2 Build Placer Netlist Model | Checksum: 1103b2220

Time (s): cpu = 00:00:01 ; elapsed = 00:00:00.966 . Memory (MB): peak = 872.258 ; gain = 14.516

Phase 1.3 Constrain Clocks/Macros

Phase 1.3.1 Constrain Global/Regional Clocks
Phase 1.3.1 Constrain Global/Regional Clocks | Checksum: 1103b2220

Time (s): cpu = 00:00:01 ; elapsed = 00:00:00.969 . Memory (MB): peak = 872.258 ; gain = 14.516
Phase 1.3 Constrain Clocks/Macros | Checksum: 1103b2220

Time (s): cpu = 00:00:01 ; elapsed = 00:00:00.970 . Memory (MB): peak = 872.258 ; gain = 14.516
Phase 1 Placer Initialization | Checksum: 1103b2220

Time (s): cpu = 00:00:01 ; elapsed = 00:00:00.974 . Memory (MB): peak = 872.258 ; gain = 14.516

Phase 2 Global Placement
Phase 2 Global Placement | Checksum: 121c37c41

Time (s): cpu = 00:00:01 ; elapsed = 00:00:01 . Memory (MB): peak = 872.258 ; gain = 14.516

Phase 3 Detail Placement

Phase 3.1 Commit Multi Column Macros
Phase 3.1 Commit Multi Column Macros | Checksum: 121c37c41

Time (s): cpu = 00:00:01 ; elapsed = 00:00:01 . Memory (MB): peak = 872.258 ; gain = 14.516

Phase 3.2 Commit Most Macros & LUTRAMs
Phase 3.2 Commit Most Macros & LUTRAMs | Checksum: e2649f40

Time (s): cpu = 00:00:01 ; elapsed = 00:00:01 . Memory (MB): peak = 872.258 ; gain = 14.516

Phase 3.3 Area Swap Optimization
Phase 3.3 Area Swap Optimization | Checksum: 122a5362d

Time (s): cpu = 00:00:01 ; elapsed = 00:00:01 . Memory (MB): peak = 872.258 ; gain = 14.516

Phase 3.4 Small Shape Detail Placement

Phase 3.4.1 Commit Small Macros and Core Logic

Phase 3.4.1.1 Commit Slice Clusters
Phase 3.4.1.1 Commit Slice Clusters | Checksum: ffc078d5

Time (s): cpu = 00:00:01 ; elapsed = 00:00:01 . Memory (MB): peak = 872.258 ; gain = 14.516
Phase 3.4.1 Commit Small Macros and Core Logic | Checksum: ffc078d5

Time (s): cpu = 00:00:01 ; elapsed = 00:00:01 . Memory (MB): peak = 872.258 ; gain = 14.516

Phase 3.4.2 Clock Restriction Legalization for Leaf Columns
Phase 3.4.2 Clock Restriction Legalization for Leaf Columns | Checksum: ffc078d5

Time (s): cpu = 00:00:01 ; elapsed = 00:00:01 . Memory (MB): peak = 872.258 ; gain = 14.516

Phase 3.4.3 Clock Restriction Legalization for Non-Clock Pins
Phase 3.4.3 Clock Restriction Legalization for Non-Clock Pins | Checksum: ffc078d5

Time (s): cpu = 00:00:01 ; elapsed = 00:00:01 . Memory (MB): peak = 872.258 ; gain = 14.516
Phase 3.4 Small Shape Detail Placement | Checksum: ffc078d5

Time (s): cpu = 00:00:01 ; elapsed = 00:00:01 . Memory (MB): peak = 872.258 ; gain = 14.516

Phase 3.5 Re-assign LUT pins
Phase 3.5 Re-assign LUT pins | Checksum: ffc078d5

Time (s): cpu = 00:00:01 ; elapsed = 00:00:01 . Memory (MB): peak = 872.258 ; gain = 14.516
Phase 3 Detail Placement | Checksum: ffc078d5

Time (s): cpu = 00:00:01 ; elapsed = 00:00:01 . Memory (MB): peak = 872.258 ; gain = 14.516

Phase 4 Post Placement Optimization and Clean-Up

Phase 4.1 Post Commit Optimization
Phase 4.1 Post Commit Optimization | Checksum: ffc078d5

Time (s): cpu = 00:00:01 ; elapsed = 00:00:01 . Memory (MB): peak = 872.258 ; gain = 14.516

Phase 4.2 Sweep Clock Roots: Post-Placement
Phase 4.2 Sweep Clock Roots: Post-Placement | Checksum: ffc078d5

Time (s): cpu = 00:00:01 ; elapsed = 00:00:01 . Memory (MB): peak = 872.258 ; gain = 14.516

Phase 4.3 Post Placement Cleanup
Phase 4.3 Post Placement Cleanup | Checksum: ffc078d5

Time (s): cpu = 00:00:01 ; elapsed = 00:00:01 . Memory (MB): peak = 872.258 ; gain = 14.516

Phase 4.4 Placer Reporting
Phase 4.4 Placer Reporting | Checksum: ffc078d5

Time (s): cpu = 00:00:01 ; elapsed = 00:00:01 . Memory (MB): peak = 872.258 ; gain = 14.516

Phase 4.5 Final Placement Cleanup
Phase 4.5 Final Placement Cleanup | Checksum: ffc078d5

Time (s): cpu = 00:00:01 ; elapsed = 00:00:01 . Memory (MB): peak = 872.258 ; gain = 14.516
Phase 4 Post Placement Optimization and Clean-Up | Checksum: ffc078d5

Time (s): cpu = 00:00:01 ; elapsed = 00:00:01 . Memory (MB): peak = 872.258 ; gain = 14.516
Ending Placer Task | Checksum: 8cf2be1d

Time (s): cpu = 00:00:01 ; elapsed = 00:00:01 . Memory (MB): peak = 872.258 ; gain = 14.516
INFO: [Common 17-83] Releasing license: Implementation
33 Infos, 1 Warnings, 0 Critical Warnings and 0 Errors encountered.
place_design completed successfully
Writing placer database...
Writing XDEF routing.
Writing XDEF routing logical nets.
Writing XDEF routing special nets.
Write XDEF Complete: Time (s): cpu = 00:00:00 ; elapsed = 00:00:00.115 . Memory (MB): peak = 872.258 ; gain = 0.000
report_io: Time (s): cpu = 00:00:01 ; elapsed = 00:00:00.141 . Memory (MB): peak = 872.258 ; gain = 0.000
report_utilization: Time (s): cpu = 00:00:00 ; elapsed = 00:00:00.026 . Memory (MB): peak = 872.258 ; gain = 0.000
report_control_sets: Time (s): cpu = 00:00:00 ; elapsed = 00:00:00.013 . Memory (MB): peak = 872.258 ; gain = 0.000
Command: route_design
Attempting to get a license for feature 'Implementation' and/or device 'xc7z010'
INFO: [Common 17-349] Got license for feature 'Implementation' and/or device 'xc7z010'
Running DRC as a precondition to command route_design
INFO: [DRC 23-27] Running DRC with 2 threads
INFO: [Vivado_Tcl 4-198] DRC finished with 0 Errors
INFO: [Vivado_Tcl 4-199] Please refer to the DRC report (report_drc) for more information.


Starting Routing Task
INFO: [Route 35-254] Multithreading enabled for route_design using a maximum of 2 CPUs
Checksum: PlaceDB: 2b32c3ef ConstDB: 0 ShapeSum: 61bffa2e RouteDB: 0

Phase 1 Build RT Design
Phase 1 Build RT Design | Checksum: 1153e8a28

Time (s): cpu = 00:00:32 ; elapsed = 00:00:29 . Memory (MB): peak = 943.563 ; gain = 71.305

Phase 2 Router Initialization
INFO: [Route 35-64] No timing constraints were detected. The router will operate in resource-optimization mode.

Phase 2.1 Pre Route Cleanup
Phase 2.1 Pre Route Cleanup | Checksum: 1153e8a28

Time (s): cpu = 00:00:32 ; elapsed = 00:00:30 . Memory (MB): peak = 949.492 ; gain = 77.234
 Number of Nodes with overlaps = 0
Phase 2 Router Initialization | Checksum: 13c40feec

Time (s): cpu = 00:00:32 ; elapsed = 00:00:30 . Memory (MB): peak = 949.492 ; gain = 77.234

Phase 3 Initial Routing
Phase 3 Initial Routing | Checksum: 56f11f37

Time (s): cpu = 00:00:32 ; elapsed = 00:00:30 . Memory (MB): peak = 949.492 ; gain = 77.234

Phase 4 Rip-up And Reroute

Phase 4.1 Global Iteration 0
 Number of Nodes with overlaps = 0
Phase 4.1 Global Iteration 0 | Checksum: be8dd1f0

Time (s): cpu = 00:00:32 ; elapsed = 00:00:30 . Memory (MB): peak = 949.492 ; gain = 77.234
Phase 4 Rip-up And Reroute | Checksum: be8dd1f0

Time (s): cpu = 00:00:32 ; elapsed = 00:00:30 . Memory (MB): peak = 949.492 ; gain = 77.234

Phase 5 Delay and Skew Optimization
Phase 5 Delay and Skew Optimization | Checksum: be8dd1f0

Time (s): cpu = 00:00:32 ; elapsed = 00:00:30 . Memory (MB): peak = 949.492 ; gain = 77.234

Phase 6 Post Hold Fix
Phase 6 Post Hold Fix | Checksum: be8dd1f0

Time (s): cpu = 00:00:32 ; elapsed = 00:00:30 . Memory (MB): peak = 949.492 ; gain = 77.234

Phase 7 Route finalize

Router Utilization Summary
  Global Vertical Routing Utilization    = 0.0239302 %
  Global Horizontal Routing Utilization  = 0.00390625 %
  Routable Net Status*
  *Does not include unroutable nets such as driverless and loadless.
  Run report_route_status for detailed report.
  Number of Failed Nets               = 0
  Number of Unrouted Nets             = 0
  Number of Partially Routed Nets     = 0
  Number of Node Overlaps             = 0

Congestion Report
North Dir 1x1 Area, Max Cong = 16.2162%, No Congested Regions.
South Dir 1x1 Area, Max Cong = 16.2162%, No Congested Regions.
East Dir 1x1 Area, Max Cong = 8.82353%, No Congested Regions.
West Dir 1x1 Area, Max Cong = 4.41176%, No Congested Regions.
Phase 7 Route finalize | Checksum: be8dd1f0

Time (s): cpu = 00:00:32 ; elapsed = 00:00:30 . Memory (MB): peak = 949.492 ; gain = 77.234

Phase 8 Verifying routed nets

 Verification completed successfully
Phase 8 Verifying routed nets | Checksum: be8dd1f0

Time (s): cpu = 00:00:32 ; elapsed = 00:00:30 . Memory (MB): peak = 950.723 ; gain = 78.465

Phase 9 Depositing Routes
Phase 9 Depositing Routes | Checksum: 108fde05c

Time (s): cpu = 00:00:32 ; elapsed = 00:00:30 . Memory (MB): peak = 950.723 ; gain = 78.465
INFO: [Route 35-16] Router Completed Successfully

Time (s): cpu = 00:00:32 ; elapsed = 00:00:30 . Memory (MB): peak = 950.723 ; gain = 78.465

Routing Is Done.
INFO: [Common 17-83] Releasing license: Implementation
41 Infos, 1 Warnings, 0 Critical Warnings and 0 Errors encountered.
route_design completed successfully
route_design: Time (s): cpu = 00:00:33 ; elapsed = 00:00:31 . Memory (MB): peak = 950.723 ; gain = 78.465
Writing placer database...
Writing XDEF routing.
Writing XDEF routing logical nets.
Writing XDEF routing special nets.
Write XDEF Complete: Time (s): cpu = 00:00:01 ; elapsed = 00:00:00.106 . Memory (MB): peak = 950.723 ; gain = 0.000
INFO: [DRC 23-27] Running DRC with 2 threads
INFO: [Coretcl 2-168] The results of DRC are in file D:/code_test/HDL/vivado/comparator/comparator.runs/impl_1/comparator_drc_routed.rpt.
INFO: [Timing 38-91] UpdateTimingParams: Speed grade: -1, Delay Type: min_max.
INFO: [Timing 38-191] Multithreading enabled for timing update using a maximum of 2 CPUs
WARNING: [Timing 38-313] There are no user specified timing constraints. Timing constraints are needed for proper timing analysis.
WARNING: [Power 33-232] No user defined clocks were found in the design!
Resolution: Please specify clocks using create_clock/create_generated_clock for sequential elements. For pure combinatorial circuits, please specify a virtual clock, otherwise the vectorless estimation might be inaccurate
Running Vector-less Activity Propagation...

Finished Running Vector-less Activity Propagation
INFO: [Common 17-206] Exiting Vivado at Mon Oct 17 14:26:06 2016...

*** Running vivado
    with args -log comparator.vdi -applog -m64 -messageDb vivado.pb -mode batch -source comparator.tcl -notrace


****** Vivado v2015.4 (64-bit)
  **** SW Build 1412921 on Wed Nov 18 09:43:45 MST 2015
  **** IP Build 1412160 on Tue Nov 17 13:47:24 MST 2015
    ** Copyright 1986-2015 Xilinx, Inc. All Rights Reserved.

source comparator.tcl -notrace
Command: open_checkpoint comparator_routed.dcp
WARNING: [Board 49-26] cannot add Board Part digilentinc.com:genesys2:part0:1.1 available at C:/Xilinx/Vivado/2015.4/data/boards/board_files/genesys2/H/board.xml as part xc7k325tffg900-2 specified in board_part file is either invalid or not available
INFO: [Netlist 29-17] Analyzing 4 Unisim elements for replacement
INFO: [Netlist 29-28] Unisim Transformation completed in 0 CPU seconds
INFO: [Project 1-479] Netlist was created with Vivado 2015.4
INFO: [Device 21-403] Loading part xc7z010clg400-1
INFO: [Project 1-570] Preparing netlist for logic optimization
Parsing XDC File [D:/code_test/HDL/vivado/comparator/comparator.runs/impl_1/.Xil/Vivado-356-/dcp/comparator.xdc]
Finished Parsing XDC File [D:/code_test/HDL/vivado/comparator/comparator.runs/impl_1/.Xil/Vivado-356-/dcp/comparator.xdc]
Reading XDEF placement.
Reading placer database...
Reading XDEF routing.
Read XDEF File: Time (s): cpu = 00:00:00 ; elapsed = 00:00:00.137 . Memory (MB): peak = 441.453 ; gain = 0.000
Restored from archive | CPU: 0.000000 secs | Memory: 0.000000 MB |
Finished XDEF File Restore: Time (s): cpu = 00:00:00 ; elapsed = 00:00:00.137 . Memory (MB): peak = 441.453 ; gain = 0.000
INFO: [Project 1-111] Unisim Transformation Summary:
No Unisim elements were transformed.

INFO: [Project 1-604] Checkpoint was created with Vivado v2015.4 (64-bit) build 1412921
open_checkpoint: Time (s): cpu = 00:00:09 ; elapsed = 00:00:10 . Memory (MB): peak = 441.453 ; gain = 254.086
Attempting to get a license for feature 'Implementation' and/or device 'xc7z010'
INFO: [Common 17-349] Got license for feature 'Implementation' and/or device 'xc7z010'
Running DRC as a precondition to command write_bitstream
INFO: [DRC 23-27] Running DRC with 2 threads
WARNING: [DRC 23-20] Rule violation (ZPS7-1) PS7 block required - The PS7 cell must be used in this Zynq design in order to enable correct default configuration.
INFO: [Vivado 12-3199] DRC finished with 0 Errors, 1 Warnings
INFO: [Vivado 12-3200] Please refer to the DRC report (report_drc) for more information.
Loading data files...
Loading site data...
Loading route data...
Processing options...
Creating bitmap...
Creating bitstream...
Writing bitstream ./comparator.bit...
INFO: [Vivado 12-1842] Bitgen Completed Successfully.
INFO: [Common 17-83] Releasing license: Implementation
write_bitstream: Time (s): cpu = 00:00:31 ; elapsed = 00:00:32 . Memory (MB): peak = 779.441 ; gain = 337.988
INFO: [Vivado_Tcl 4-395] Unable to parse hwdef file comparator.hwdef
INFO: [Common 17-206] Exiting Vivado at Mon Oct 17 14:35:53 2016...
